{"C:\\Users\\USER-Q\\Desktop\\Coding\\JavaScript\\string calculator\\app.js": {"path":"C:\\Users\\USER-Q\\Desktop\\Coding\\JavaScript\\string calculator\\app.js","statementMap":{"0":{"start":{"line":3,"column":4},"end":{"line":5,"column":5}},"1":{"start":{"line":4,"column":6},"end":{"line":4,"column":15}},"2":{"start":{"line":7,"column":24},"end":{"line":7,"column":42}},"3":{"start":{"line":12,"column":14},"end":{"line":12,"column":15}},"4":{"start":{"line":14,"column":4},"end":{"line":19,"column":5}},"5":{"start":{"line":15,"column":6},"end":{"line":17,"column":7}},"6":{"start":{"line":16,"column":8},"end":{"line":16,"column":58}},"7":{"start":{"line":18,"column":6},"end":{"line":18,"column":30}},"8":{"start":{"line":20,"column":4},"end":{"line":20,"column":15}},"9":{"start":{"line":24,"column":0},"end":{"line":24,"column":34}}},"fnMap":{"0":{"name":"(anonymous_0)","decl":{"start":{"line":2,"column":2},"end":{"line":2,"column":3}},"loc":{"start":{"line":2,"column":15},"end":{"line":21,"column":3}},"line":2}},"branchMap":{"0":{"loc":{"start":{"line":3,"column":4},"end":{"line":5,"column":5}},"type":"if","locations":[{"start":{"line":3,"column":4},"end":{"line":5,"column":5}},{"start":{},"end":{}}],"line":3},"1":{"loc":{"start":{"line":3,"column":8},"end":{"line":3,"column":41}},"type":"binary-expr","locations":[{"start":{"line":3,"column":8},"end":{"line":3,"column":16}},{"start":{"line":3,"column":20},"end":{"line":3,"column":41}}],"line":3},"2":{"loc":{"start":{"line":15,"column":6},"end":{"line":17,"column":7}},"type":"if","locations":[{"start":{"line":15,"column":6},"end":{"line":17,"column":7}},{"start":{},"end":{}}],"line":15}},"s":{"0":5,"1":1,"2":4,"3":4,"4":4,"5":9,"6":1,"7":8,"8":3,"9":1},"f":{"0":5},"b":{"0":[1,4],"1":[5,4],"2":[1,8]},"_coverageSchema":"1a1c01bbd47fc00a2c39e90264f33305004495a9","hash":"f898b525b62d562576fc252d6dc027fc7e0036ca"}
}
